TN:
SF:/home/tnsadithya/socket_c/systems_programming/linux-sysnet-prog/src/fileio.c
FN:8,read_file
FN:30,write_file
FNDA:20,write_file
FNDA:30,read_file
FNF:2
FNH:2
DA:8,30
DA:9,30
DA:10,10
DA:11,10
DA:13,20
DA:14,20
DA:15,5
DA:16,5
DA:18,15
DA:19,15
DA:20,5
DA:21,5
DA:22,5
DA:24,10
DA:26,10
DA:27,10
DA:30,20
DA:32,20
DA:34,20
DA:35,10
DA:36,10
DA:38,10
DA:40,5
DA:41,5
DA:42,0
DA:43,0
DA:46,5
DA:47,5
DA:48,0
DA:49,0
DA:50,0
DA:53,5
DA:54,5
LF:33
LH:28
end_of_record
TN:
SF:/home/tnsadithya/socket_c/systems_programming/linux-sysnet-prog/src/main.c
FN:6,get_hostname
FNDA:5,get_hostname
FNF:1
FNH:1
DA:6,5
DA:7,5
LF:2
LH:2
end_of_record
